running egg_info
creating ../../build/my_robot_package/my_robot_package.egg-info
writing ../../build/my_robot_package/my_robot_package.egg-info/PKG-INFO
writing dependency_links to ../../build/my_robot_package/my_robot_package.egg-info/dependency_links.txt
writing entry points to ../../build/my_robot_package/my_robot_package.egg-info/entry_points.txt
writing requirements to ../../build/my_robot_package/my_robot_package.egg-info/requires.txt
writing top-level names to ../../build/my_robot_package/my_robot_package.egg-info/top_level.txt
writing manifest file '../../build/my_robot_package/my_robot_package.egg-info/SOURCES.txt'
reading manifest file '../../build/my_robot_package/my_robot_package.egg-info/SOURCES.txt'
writing manifest file '../../build/my_robot_package/my_robot_package.egg-info/SOURCES.txt'
running build
running build_py
creating /home/gregsten/Documents/Embedded_ROS/ros2_ws_2/build/my_robot_package/build
creating /home/gregsten/Documents/Embedded_ROS/ros2_ws_2/build/my_robot_package/build/lib
creating /home/gregsten/Documents/Embedded_ROS/ros2_ws_2/build/my_robot_package/build/lib/my_robot_package
copying my_robot_package/serial_image_sender.py -> /home/gregsten/Documents/Embedded_ROS/ros2_ws_2/build/my_robot_package/build/lib/my_robot_package
copying my_robot_package/__init__.py -> /home/gregsten/Documents/Embedded_ROS/ros2_ws_2/build/my_robot_package/build/lib/my_robot_package
running install
running install_lib
creating /home/gregsten/Documents/Embedded_ROS/ros2_ws_2/install/my_robot_package/lib/python3.12/site-packages/my_robot_package
copying /home/gregsten/Documents/Embedded_ROS/ros2_ws_2/build/my_robot_package/build/lib/my_robot_package/serial_image_sender.py -> /home/gregsten/Documents/Embedded_ROS/ros2_ws_2/install/my_robot_package/lib/python3.12/site-packages/my_robot_package
copying /home/gregsten/Documents/Embedded_ROS/ros2_ws_2/build/my_robot_package/build/lib/my_robot_package/__init__.py -> /home/gregsten/Documents/Embedded_ROS/ros2_ws_2/install/my_robot_package/lib/python3.12/site-packages/my_robot_package
byte-compiling /home/gregsten/Documents/Embedded_ROS/ros2_ws_2/install/my_robot_package/lib/python3.12/site-packages/my_robot_package/serial_image_sender.py to serial_image_sender.cpython-312.pyc
byte-compiling /home/gregsten/Documents/Embedded_ROS/ros2_ws_2/install/my_robot_package/lib/python3.12/site-packages/my_robot_package/__init__.py to __init__.cpython-312.pyc
running install_data
creating /home/gregsten/Documents/Embedded_ROS/ros2_ws_2/install/my_robot_package/share/ament_index
creating /home/gregsten/Documents/Embedded_ROS/ros2_ws_2/install/my_robot_package/share/ament_index/resource_index
creating /home/gregsten/Documents/Embedded_ROS/ros2_ws_2/install/my_robot_package/share/ament_index/resource_index/packages
copying resource/my_robot_package -> /home/gregsten/Documents/Embedded_ROS/ros2_ws_2/install/my_robot_package/share/ament_index/resource_index/packages
copying package.xml -> /home/gregsten/Documents/Embedded_ROS/ros2_ws_2/install/my_robot_package/share/my_robot_package
creating /home/gregsten/Documents/Embedded_ROS/ros2_ws_2/install/my_robot_package/share/my_robot_package/launch
copying launch/serial_image_sender.launch.py -> /home/gregsten/Documents/Embedded_ROS/ros2_ws_2/install/my_robot_package/share/my_robot_package/launch
creating /home/gregsten/Documents/Embedded_ROS/ros2_ws_2/install/my_robot_package/share/my_robot_package/config
copying config/params.yaml -> /home/gregsten/Documents/Embedded_ROS/ros2_ws_2/install/my_robot_package/share/my_robot_package/config
running install_egg_info
Copying ../../build/my_robot_package/my_robot_package.egg-info to /home/gregsten/Documents/Embedded_ROS/ros2_ws_2/install/my_robot_package/lib/python3.12/site-packages/my_robot_package-0.1.0-py3.12.egg-info
running install_scripts
Installing serial_image_sender script to /home/gregsten/Documents/Embedded_ROS/ros2_ws_2/install/my_robot_package/lib/my_robot_package
writing list of installed files to '/home/gregsten/Documents/Embedded_ROS/ros2_ws_2/build/my_robot_package/install.log'
